<?xml version="1.0" encoding="UTF-8" ?>

<testsuite failures="0" time="0.543" errors="0" skipped="0" tests="5" name="BasicTest">
  <testcase classname="BasicTest" name="createPost" time="0.177">
      </testcase>
  <testcase classname="BasicTest" name="createAndRetrieveUser" time="0.029">
      </testcase>
  <testcase classname="BasicTest" name="postComments" time="0.021">
      </testcase>
  <testcase classname="BasicTest" name="useTheCommentsRelation" time="0.038">
      </testcase>
  <testcase classname="BasicTest" name="fullTest" time="0.278">
      </testcase>
</testsuite>
